        -:    0:Source:../commission/commission.cc
        -:    0:Graph:commission.gcno
        -:    0:Data:commission.gcda
        -:    0:Runs:1
        -:    0:Programs:1
        -:    1:#include "commission.h"
        -:    2:#include <stdio.h>
        -:    3:#include <stdlib.h>
        -:    4:
        -:    5:// Returns commission.
function _Z10commissioniii called 28 returned 100% blocks executed 64%
        -:    6:double commission(int locks, int stocks, int barrels) {
       28:    7:  if (locks == -1) {
branch  0 taken 0%
branch  1 taken 100%
    #####:    8:    fprintf(stderr, "Program terminates");
    #####:    9:    exit(0);
        -:   10:  }
        -:   11:
       84:   12:  int locks_out_range = (locks < 1 || locks > 70);
branch  0 taken 100%
branch  1 taken 0%
       84:   13:  int stocks_out_range = (stocks < 1 || stocks > 80);
branch  0 taken 100%
branch  1 taken 0%
       84:   14:  int barrels_out_range = (barrels < 1 || barrels > 90);
branch  0 taken 100%
branch  1 taken 0%
        -:   15:
       28:   16:  if (locks_out_range && !stocks_out_range && !barrels_out_range) {
branch  0 taken 0%
branch  1 taken 100%
branch  2 never executed
branch  3 never executed
branch  4 never executed
branch  5 never executed
    #####:   17:    fprintf(stderr, "Value of locks not in the range");
    #####:   18:    exit(1);
       56:   19:  } else if (!locks_out_range && stocks_out_range && !barrels_out_range) {
branch  0 taken 100%
branch  1 taken 0%
branch  2 taken 0%
branch  3 taken 100%
branch  4 never executed
branch  5 never executed
    #####:   20:    fprintf(stderr, "Value of stocks not in the range");
    #####:   21:    exit(1);
       84:   22:  } else if (!locks_out_range && !stocks_out_range && barrels_out_range) {
branch  0 taken 100%
branch  1 taken 0%
branch  2 taken 100%
branch  3 taken 0%
branch  4 taken 0%
branch  5 taken 100%
    #####:   23:    fprintf(stderr, "Value of barrels not in the range");
    #####:   24:    exit(1);
       28:   25:  } else if (locks_out_range && stocks_out_range && !barrels_out_range) {
branch  0 taken 0%
branch  1 taken 100%
branch  2 never executed
branch  3 never executed
branch  4 never executed
branch  5 never executed
    #####:   26:    fprintf(stderr, "Value of locks and stocks not in the range");
    #####:   27:    exit(1);
       28:   28:  } else if (locks_out_range && !stocks_out_range && barrels_out_range) {
branch  0 taken 0%
branch  1 taken 100%
branch  2 never executed
branch  3 never executed
branch  4 never executed
branch  5 never executed
    #####:   29:    fprintf(stderr, "Value of locks and barrels not in the range");
    #####:   30:    exit(1);
       56:   31:  } else if (!locks_out_range && stocks_out_range && barrels_out_range) {
branch  0 taken 100%
branch  1 taken 0%
branch  2 taken 0%
branch  3 taken 100%
branch  4 never executed
branch  5 never executed
    #####:   32:    fprintf(stderr, "Value of stocks and barrels not in the range");
    #####:   33:    exit(1);
       28:   34:  } else if (locks_out_range && stocks_out_range && barrels_out_range) {
branch  0 taken 0%
branch  1 taken 100%
branch  2 never executed
branch  3 never executed
branch  4 never executed
branch  5 never executed
    #####:   35:    fprintf(stderr, "Value of locks and stocks and barrels not in the range");
    #####:   36:    exit(1);
        -:   37:  }
        -:   38:
       28:   39:  double sales = locks * 45.0 + stocks * 30.0 + barrels * 25.0;
        -:   40:  double commission;
       28:   41:  if (sales > 1800.0) {
branch  0 taken 32%
branch  1 taken 68%
        9:   42:    commission = 0.10 * 1000.0;
        9:   43:    commission = commission + 0.15 * 800.0;
        9:   44:    commission = commission + 0.2 * (sales - 1800.0);
       28:   45:  } else if (sales > 1000.0) {
branch  0 taken 53%
branch  1 taken 47%
       10:   46:    commission = 0.10 * 1000.0;
       10:   47:    commission = commission + 0.15 * (sales - 1000.0);
       10:   48:  } else
        9:   49:    commission = 0.10 * sales;
        -:   50:
       28:   51:  return commission;
        -:   52:}
