        -:    0:Source:../commission/commission.cc
        -:    0:Graph:commission.gcno
        -:    0:Data:commission.gcda
        -:    0:Runs:15
        -:    0:Programs:1
        -:    1:#include "commission.h"
        -:    2:#include <stdio.h>
        -:    3:#include <stdlib.h>
        -:    4:
        -:    5:// Returns commission.
function _Z10commissioniii called 29 returned 51% blocks executed 80%
        -:    6:double commission(int locks, int stocks, int barrels) {
       29:    7:  if (locks == -1) {
branch  0 taken 3%
branch  1 taken 97%
        1:    8:    fprintf(stderr, "Program terminates");
        1:    9:    exit(0);
        -:   10:  }
        -:   11:
       79:   12:  int locks_out_range = (locks < 1 || locks > 70);
branch  0 taken 82%
branch  1 taken 18%
       79:   13:  int stocks_out_range = (stocks < 1 || stocks > 80);
branch  0 taken 82%
branch  1 taken 18%
       79:   14:  int barrels_out_range = (barrels < 1 || barrels > 90);
branch  0 taken 82%
branch  1 taken 18%
        -:   15:
       38:   16:  if (locks_out_range && !stocks_out_range && !barrels_out_range) {
branch  0 taken 21%
branch  1 taken 79%
branch  2 taken 67%
branch  3 taken 33%
branch  4 taken 75%
branch  5 taken 25%
        3:   17:    fprintf(stderr, "Value of locks not in the range");
        3:   18:    exit(1);
       51:   19:  } else if (!locks_out_range && stocks_out_range && !barrels_out_range) {
branch  0 taken 88%
branch  1 taken 12%
branch  2 taken 18%
branch  3 taken 82%
branch  4 taken 75%
branch  5 taken 25%
        3:   20:    fprintf(stderr, "Value of stocks not in the range");
        3:   21:    exit(1);
       59:   22:  } else if (!locks_out_range && !stocks_out_range && barrels_out_range) {
branch  0 taken 86%
branch  1 taken 14%
branch  2 taken 95%
branch  3 taken 5%
branch  4 taken 17%
branch  5 taken 83%
        3:   23:    fprintf(stderr, "Value of barrels not in the range");
        3:   24:    exit(1);
       24:   25:  } else if (locks_out_range && stocks_out_range && !barrels_out_range) {
branch  0 taken 16%
branch  1 taken 84%
branch  2 taken 67%
branch  3 taken 33%
branch  4 taken 50%
branch  5 taken 50%
        1:   26:    fprintf(stderr, "Value of locks and stocks not in the range");
        1:   27:    exit(1);
       21:   28:  } else if (locks_out_range && !stocks_out_range && barrels_out_range) {
branch  0 taken 11%
branch  1 taken 89%
branch  2 taken 50%
branch  3 taken 50%
branch  4 taken 100%
branch  5 taken 0%
        1:   29:    fprintf(stderr, "Value of locks and barrels not in the range");
        1:   30:    exit(1);
       34:   31:  } else if (!locks_out_range && stocks_out_range && barrels_out_range) {
branch  0 taken 94%
branch  1 taken 6%
branch  2 taken 6%
branch  3 taken 94%
branch  4 taken 100%
branch  5 taken 0%
        1:   32:    fprintf(stderr, "Value of stocks and barrels not in the range");
        1:   33:    exit(1);
       18:   34:  } else if (locks_out_range && stocks_out_range && barrels_out_range) {
branch  0 taken 6%
branch  1 taken 94%
branch  2 taken 100%
branch  3 taken 0%
branch  4 taken 100%
branch  5 taken 0%
        1:   35:    fprintf(stderr, "Value of locks and stocks and barrels not in the range");
        1:   36:    exit(1);
        -:   37:  }
        -:   38:
       15:   39:  double sales = locks * 45.0 + stocks * 30.0 + barrels * 25.0;
        -:   40:  double commission;
       15:   41:  if (sales > 1800.0) {
branch  0 taken 0%
branch  1 taken 100%
    #####:   42:    commission = 0.10 * 1000.0;
    #####:   43:    commission = commission + 0.15 * 800.0;
    #####:   44:    commission = commission + 0.2 * (sales - 1800.0);
       15:   45:  } else if (sales > 1000.0) {
branch  0 taken 0%
branch  1 taken 100%
    #####:   46:    commission = 0.10 * 1000.0;
    #####:   47:    commission = commission + 0.15 * (sales - 1000.0);
    #####:   48:  } else
       15:   49:    commission = 0.10 * sales;
        -:   50:
       15:   51:  return commission;
        -:   52:}
