        -:    0:Source:../commission/commission.cc
        -:    0:Graph:commission.gcno
        -:    0:Data:commission.gcda
        -:    0:Runs:15
        -:    0:Programs:1
        -:    1:#include "commission.h"
        -:    2:#include <stdio.h>
        -:    3:#include <stdlib.h>
        -:    4:
        -:    5:// Returns commission.
function _Z10commissioniii called 33 returned 57% blocks executed 84%
        -:    6:double commission(int locks, int stocks, int barrels) {
       33:    7:  if (locks == -1) {
branch  0 taken 3%
branch  1 taken 97%
        1:    8:    fprintf(stderr, "Program terminates");
        1:    9:    exit(0);
        -:   10:  }
        -:   11:
       89:   12:  int locks_out_range = (locks < 1 || locks > 70);
branch  0 taken 78%
branch  1 taken 22%
       88:   13:  int stocks_out_range = (stocks < 1 || stocks > 80);
branch  0 taken 75%
branch  1 taken 25%
       88:   14:  int barrels_out_range = (barrels < 1 || barrels > 90);
branch  0 taken 75%
branch  1 taken 25%
        -:   15:
       42:   16:  if (locks_out_range && !stocks_out_range && !barrels_out_range) {
branch  0 taken 22%
branch  1 taken 78%
branch  2 taken 43%
branch  3 taken 57%
branch  4 taken 33%
branch  5 taken 67%
        1:   17:    fprintf(stderr, "Value of locks not in the range");
        1:   18:    exit(1);
       60:   19:  } else if (!locks_out_range && stocks_out_range && !barrels_out_range) {
branch  0 taken 81%
branch  1 taken 19%
branch  2 taken 16%
branch  3 taken 84%
branch  4 taken 50%
branch  5 taken 50%
        2:   20:    fprintf(stderr, "Value of stocks not in the range");
        2:   21:    exit(1);
       73:   22:  } else if (!locks_out_range && !stocks_out_range && barrels_out_range) {
branch  0 taken 79%
branch  1 taken 21%
branch  2 taken 91%
branch  3 taken 9%
branch  4 taken 10%
branch  5 taken 90%
        2:   23:    fprintf(stderr, "Value of barrels not in the range");
        2:   24:    exit(1);
       37:   25:  } else if (locks_out_range && stocks_out_range && !barrels_out_range) {
branch  0 taken 22%
branch  1 taken 78%
branch  2 taken 67%
branch  3 taken 33%
branch  4 taken 50%
branch  5 taken 50%
        2:   26:    fprintf(stderr, "Value of locks and stocks not in the range");
        2:   27:    exit(1);
       31:   28:  } else if (locks_out_range && !stocks_out_range && barrels_out_range) {
branch  0 taken 16%
branch  1 taken 84%
branch  2 taken 50%
branch  3 taken 50%
branch  4 taken 100%
branch  5 taken 0%
        2:   29:    fprintf(stderr, "Value of locks and barrels not in the range");
        2:   30:    exit(1);
       46:   31:  } else if (!locks_out_range && stocks_out_range && barrels_out_range) {
branch  0 taken 91%
branch  1 taken 9%
branch  2 taken 10%
branch  3 taken 90%
branch  4 taken 100%
branch  5 taken 0%
        2:   32:    fprintf(stderr, "Value of stocks and barrels not in the range");
        2:   33:    exit(1);
       25:   34:  } else if (locks_out_range && stocks_out_range && barrels_out_range) {
branch  0 taken 10%
branch  1 taken 90%
branch  2 taken 100%
branch  3 taken 0%
branch  4 taken 100%
branch  5 taken 0%
        2:   35:    fprintf(stderr, "Value of locks and stocks and barrels not in the range");
        2:   36:    exit(1);
        -:   37:  }
        -:   38:
       19:   39:  double sales = locks * 45.0 + stocks * 30.0 + barrels * 25.0;
        -:   40:  double commission;
       19:   41:  if (sales > 1800.0) {
branch  0 taken 11%
branch  1 taken 89%
        2:   42:    commission = 0.10 * 1000.0;
        2:   43:    commission = commission + 0.15 * 800.0;
        2:   44:    commission = commission + 0.2 * (sales - 1800.0);
       19:   45:  } else if (sales > 1000.0) {
branch  0 taken 12%
branch  1 taken 88%
        2:   46:    commission = 0.10 * 1000.0;
        2:   47:    commission = commission + 0.15 * (sales - 1000.0);
        2:   48:  } else
       15:   49:    commission = 0.10 * sales;
        -:   50:
       19:   51:  return commission;
        -:   52:}
