        -:    0:Source:../commission/commission.cc
        -:    0:Graph:commission.gcno
        -:    0:Data:commission.gcda
        -:    0:Runs:27
        -:    0:Programs:1
        -:    1:#include "commission.h"
        -:    2:#include <stdio.h>
        -:    3:#include <stdlib.h>
        -:    4:
        -:    5:// Returns commission.
function _Z10commissioniii called 123 returned 78% blocks executed 84%
        -:    6:double commission(int locks, int stocks, int barrels) {
      123:    7:  if (locks == -1) {
branch  0 taken 1%
branch  1 taken 99%
        1:    8:    fprintf(stderr, "Program terminates");
        1:    9:    exit(0);
        -:   10:  }
        -:   11:
      351:   12:  int locks_out_range = (locks < 1 || locks > 70);
branch  0 taken 88%
branch  1 taken 12%
      351:   13:  int stocks_out_range = (stocks < 1 || stocks > 80);
branch  0 taken 88%
branch  1 taken 12%
      351:   14:  int barrels_out_range = (barrels < 1 || barrels > 90);
branch  0 taken 88%
branch  1 taken 12%
        -:   15:
      144:   16:  if (locks_out_range && !stocks_out_range && !barrels_out_range) {
branch  0 taken 12%
branch  1 taken 88%
branch  2 taken 47%
branch  3 taken 53%
branch  4 taken 43%
branch  5 taken 57%
        3:   17:    fprintf(stderr, "Value of locks not in the range");
        3:   18:    exit(1);
      233:   19:  } else if (!locks_out_range && stocks_out_range && !barrels_out_range) {
branch  0 taken 90%
branch  1 taken 10%
branch  2 taken 7%
branch  3 taken 93%
branch  4 taken 43%
branch  5 taken 57%
        3:   20:    fprintf(stderr, "Value of stocks not in the range");
        3:   21:    exit(1);
      320:   22:  } else if (!locks_out_range && !stocks_out_range && barrels_out_range) {
branch  0 taken 90%
branch  1 taken 10%
branch  2 taken 96%
branch  3 taken 4%
branch  4 taken 3%
branch  5 taken 97%
        3:   23:    fprintf(stderr, "Value of barrels not in the range");
        3:   24:    exit(1);
      133:   25:  } else if (locks_out_range && stocks_out_range && !barrels_out_range) {
branch  0 taken 11%
branch  1 taken 89%
branch  2 taken 67%
branch  3 taken 33%
branch  4 taken 50%
branch  5 taken 50%
        4:   26:    fprintf(stderr, "Value of locks and stocks not in the range");
        4:   27:    exit(1);
      121:   28:  } else if (locks_out_range && !stocks_out_range && barrels_out_range) {
branch  0 taken 7%
branch  1 taken 93%
branch  2 taken 50%
branch  3 taken 50%
branch  4 taken 100%
branch  5 taken 0%
        4:   29:    fprintf(stderr, "Value of locks and barrels not in the range");
        4:   30:    exit(1);
      210:   31:  } else if (!locks_out_range && stocks_out_range && barrels_out_range) {
branch  0 taken 96%
branch  1 taken 4%
branch  2 taken 4%
branch  3 taken 96%
branch  4 taken 100%
branch  5 taken 0%
        4:   32:    fprintf(stderr, "Value of stocks and barrels not in the range");
        4:   33:    exit(1);
      109:   34:  } else if (locks_out_range && stocks_out_range && barrels_out_range) {
branch  0 taken 4%
branch  1 taken 96%
branch  2 taken 100%
branch  3 taken 0%
branch  4 taken 100%
branch  5 taken 0%
        4:   35:    fprintf(stderr, "Value of locks and stocks and barrels not in the range");
        4:   36:    exit(1);
        -:   37:  }
        -:   38:
       97:   39:  double sales = locks * 45.0 + stocks * 30.0 + barrels * 25.0;
        -:   40:  double commission;
       97:   41:  if (sales > 1800.0) {
branch  0 taken 93%
branch  1 taken 7%
       90:   42:    commission = 0.10 * 1000.0;
       90:   43:    commission = commission + 0.15 * 800.0;
       90:   44:    commission = commission + 0.2 * (sales - 1800.0);
       97:   45:  } else if (sales > 1000.0) {
branch  0 taken 57%
branch  1 taken 43%
        4:   46:    commission = 0.10 * 1000.0;
        4:   47:    commission = commission + 0.15 * (sales - 1000.0);
        4:   48:  } else
        3:   49:    commission = 0.10 * sales;
        -:   50:
       97:   51:  return commission;
        -:   52:}
