        -:    0:Source:../commission/commission.cc
        -:    0:Graph:commission.gcno
        -:    0:Data:commission.gcda
        -:    0:Runs:9
        -:    0:Programs:1
        -:    1:#include "commission.h"
        -:    2:#include <stdio.h>
        -:    3:#include <stdlib.h>
        -:    4:
        -:    5:// Returns commission.
function _Z10commissioniii called 50 returned 84% blocks executed 62%
        -:    6:double commission(int locks, int stocks, int barrels) {
       50:    7:  if (locks == -1) {
branch  0 taken 2%
branch  1 taken 98%
        1:    8:    fprintf(stderr, "Program terminates");
        1:    9:    exit(0);
        -:   10:  }
        -:   11:
      145:   12:  int locks_out_range = (locks < 1 || locks > 70);
branch  0 taken 96%
branch  1 taken 4%
      146:   13:  int stocks_out_range = (stocks < 1 || stocks > 80);
branch  0 taken 98%
branch  1 taken 2%
      146:   14:  int barrels_out_range = (barrels < 1 || barrels > 90);
branch  0 taken 98%
branch  1 taken 2%
        -:   15:
       55:   16:  if (locks_out_range && !stocks_out_range && !barrels_out_range) {
branch  0 taken 6%
branch  1 taken 94%
branch  2 taken 100%
branch  3 taken 0%
branch  4 taken 100%
branch  5 taken 0%
        3:   17:    fprintf(stderr, "Value of locks not in the range");
        3:   18:    exit(1);
       94:   19:  } else if (!locks_out_range && stocks_out_range && !barrels_out_range) {
branch  0 taken 100%
branch  1 taken 0%
branch  2 taken 4%
branch  3 taken 96%
branch  4 taken 100%
branch  5 taken 0%
        2:   20:    fprintf(stderr, "Value of stocks not in the range");
        2:   21:    exit(1);
      132:   22:  } else if (!locks_out_range && !stocks_out_range && barrels_out_range) {
branch  0 taken 100%
branch  1 taken 0%
branch  2 taken 100%
branch  3 taken 0%
branch  4 taken 5%
branch  5 taken 95%
        2:   23:    fprintf(stderr, "Value of barrels not in the range");
        2:   24:    exit(1);
       42:   25:  } else if (locks_out_range && stocks_out_range && !barrels_out_range) {
branch  0 taken 0%
branch  1 taken 100%
branch  2 never executed
branch  3 never executed
branch  4 never executed
branch  5 never executed
    #####:   26:    fprintf(stderr, "Value of locks and stocks not in the range");
    #####:   27:    exit(1);
       42:   28:  } else if (locks_out_range && !stocks_out_range && barrels_out_range) {
branch  0 taken 0%
branch  1 taken 100%
branch  2 never executed
branch  3 never executed
branch  4 never executed
branch  5 never executed
    #####:   29:    fprintf(stderr, "Value of locks and barrels not in the range");
    #####:   30:    exit(1);
       84:   31:  } else if (!locks_out_range && stocks_out_range && barrels_out_range) {
branch  0 taken 100%
branch  1 taken 0%
branch  2 taken 0%
branch  3 taken 100%
branch  4 never executed
branch  5 never executed
    #####:   32:    fprintf(stderr, "Value of stocks and barrels not in the range");
    #####:   33:    exit(1);
       42:   34:  } else if (locks_out_range && stocks_out_range && barrels_out_range) {
branch  0 taken 0%
branch  1 taken 100%
branch  2 never executed
branch  3 never executed
branch  4 never executed
branch  5 never executed
    #####:   35:    fprintf(stderr, "Value of locks and stocks and barrels not in the range");
    #####:   36:    exit(1);
        -:   37:  }
        -:   38:
       42:   39:  double sales = locks * 45.0 + stocks * 30.0 + barrels * 25.0;
        -:   40:  double commission;
       42:   41:  if (sales > 1800.0) {
branch  0 taken 100%
branch  1 taken 0%
       42:   42:    commission = 0.10 * 1000.0;
       42:   43:    commission = commission + 0.15 * 800.0;
       42:   44:    commission = commission + 0.2 * (sales - 1800.0);
       42:   45:  } else if (sales > 1000.0) {
branch  0 never executed
branch  1 never executed
    #####:   46:    commission = 0.10 * 1000.0;
    #####:   47:    commission = commission + 0.15 * (sales - 1000.0);
    #####:   48:  } else
    #####:   49:    commission = 0.10 * sales;
        -:   50:
       42:   51:  return commission;
        -:   52:}
