        -:    0:Source:../nextdate/nextdate.cc
        -:    0:Graph:nextdate.gcno
        -:    0:Data:nextdate.gcda
        -:    0:Runs:1
        -:    0:Programs:1
        -:    1:#include "nextdate.h"
        -:    2:#include <stdio.h>
        -:    3:
        -:    4:char date[16];
        -:    5:
        -:    6:// Returns next date;
function _Z8nextdateiii called 31 returned 100% blocks executed 65%
        -:    7:const char* nextdate(int month, int day, int year) {
       92:    8:  int month_out_range = (month < 1 || month > 12);
branch  0 taken 97%
branch  1 taken 3%
       92:    9:  int day_out_range = (day < 1 || day > 31);
branch  0 taken 97%
branch  1 taken 3%
       92:   10:  int year_out_range = (year < 1812 || year > 2012);
branch  0 taken 97%
branch  1 taken 3%
        -:   11:
       35:   12:  if (month_out_range && !day_out_range && !year_out_range)
branch  0 taken 6%
branch  1 taken 94%
branch  2 taken 100%
branch  3 taken 0%
branch  4 taken 100%
branch  5 taken 0%
        2:   13:    return "month not in range";
       60:   14:  else if (!month_out_range && day_out_range && !year_out_range)
branch  0 taken 100%
branch  1 taken 0%
branch  2 taken 7%
branch  3 taken 93%
branch  4 taken 100%
branch  5 taken 0%
        2:   15:    return "day not in range";
       81:   16:  else if (!month_out_range && !day_out_range && year_out_range)
branch  0 taken 100%
branch  1 taken 0%
branch  2 taken 100%
branch  3 taken 0%
branch  4 taken 7%
branch  5 taken 93%
        2:   17:    return "year not in range";
       25:   18:  else if (month_out_range && day_out_range && !year_out_range)
branch  0 taken 0%
branch  1 taken 100%
branch  2 never executed
branch  3 never executed
branch  4 never executed
branch  5 never executed
    #####:   19:    return "month and day not in range";
       25:   20:  else if (month_out_range && !day_out_range && year_out_range)
branch  0 taken 0%
branch  1 taken 100%
branch  2 never executed
branch  3 never executed
branch  4 never executed
branch  5 never executed
    #####:   21:    return "month and year not in range";
       50:   22:  else if (!month_out_range && day_out_range && year_out_range)
branch  0 taken 100%
branch  1 taken 0%
branch  2 taken 0%
branch  3 taken 100%
branch  4 never executed
branch  5 never executed
    #####:   23:    return "day and year not in range";
       25:   24:  else if (month_out_range && day_out_range && year_out_range)
branch  0 taken 0%
branch  1 taken 100%
branch  2 never executed
branch  3 never executed
branch  4 never executed
branch  5 never executed
    #####:   25:    return "month and day and year not in range";
        -:   26:
       25:   27:  int tomorrowMonth = month;
       25:   28:  int tomorrowDay = day;
       25:   29:  int tomorrowYear = year;
        -:   30:
      140:   31:  if (month == 1 || month == 3 || month == 5 || month == 7 || month == 8 || month == 10) {
branch  0 taken 92%
branch  1 taken 8%
branch  2 taken 100%
branch  3 taken 0%
branch  4 taken 100%
branch  5 taken 0%
branch  6 taken 100%
branch  7 taken 0%
branch  8 taken 100%
branch  9 taken 0%
branch 10 taken 0%
branch 11 taken 100%
        2:   32:    if (day < 31)
branch  0 taken 100%
branch  1 taken 0%
        2:   33:      tomorrowDay = day + 1;
    #####:   34:    else if (day == 31) {
branch  0 never executed
branch  1 never executed
    #####:   35:      tomorrowDay = 1;
    #####:   36:      tomorrowMonth = month + 1;
    #####:   37:    } else
    #####:   38:      return "Invalid input date";
       60:   39:  } else if (month == 4 || month == 6 || month == 9 || month == 11) {
branch  0 taken 100%
branch  1 taken 0%
branch  2 taken 26%
branch  3 taken 74%
branch  4 taken 100%
branch  5 taken 0%
branch  6 taken 33%
branch  7 taken 67%
       19:   40:    if (day < 30)
branch  0 taken 84%
branch  1 taken 16%
       16:   41:      tomorrowDay = day + 1;
        3:   42:    else if (day == 30) {
branch  0 taken 67%
branch  1 taken 33%
        2:   43:      tomorrowDay = 1;
        2:   44:      tomorrowMonth = month + 1;
        2:   45:    } else
        1:   46:      return "Invalid input date";
       22:   47:  } else if (month == 12) {
branch  0 taken 50%
branch  1 taken 50%
        2:   48:    if (day < 31)
branch  0 taken 100%
branch  1 taken 0%
        2:   49:      tomorrowDay = day + 1;
        -:   50:    else {
    #####:   51:      tomorrowDay = 1;
    #####:   52:      tomorrowMonth = 1;
    #####:   53:      tomorrowYear = year + 1;
        -:   54:    }
        4:   55:  } else if (month == 2) {
branch  0 taken 100%
branch  1 taken 0%
        2:   56:    if (day < 28)
branch  0 taken 100%
branch  1 taken 0%
        2:   57:      tomorrowDay = day + 1;
    #####:   58:    else if (day == 28) {
branch  0 never executed
branch  1 never executed
    #####:   59:      if ((year % 4 == 0 && year % 100 != 0) || year % 400 == 0) // is leap year
branch  0 never executed
branch  1 never executed
branch  2 never executed
branch  3 never executed
branch  4 never executed
branch  5 never executed
    #####:   60:        tomorrowDay = 29;
        -:   61:      else {
    #####:   62:        tomorrowDay = 1;
    #####:   63:        tomorrowMonth = 3;
        -:   64:      }
    #####:   65:    } else if (day == 29) {
branch  0 never executed
branch  1 never executed
    #####:   66:      if ((year % 4 == 0 && year % 100 != 0) || year % 400 == 0) { // is leap year
branch  0 never executed
branch  1 never executed
branch  2 never executed
branch  3 never executed
branch  4 never executed
branch  5 never executed
    #####:   67:        tomorrowDay = 1;
    #####:   68:        tomorrowMonth = 3;
    #####:   69:      } else
    #####:   70:        return "Invalid input date";
    #####:   71:    } else
    #####:   72:      return "Invalid input date";
        2:   73:  }
        -:   74:
       24:   75:  sprintf(date, "%d/%d/%d", tomorrowMonth, tomorrowDay, tomorrowYear);
       24:   76:  return date;
       31:   77:}
