        -:    0:Source:../nextdate/nextdate.cc
        -:    0:Graph:nextdate.gcno
        -:    0:Data:nextdate.gcda
        -:    0:Runs:1
        -:    0:Programs:1
        -:    1:#include "nextdate.h"
        -:    2:#include <stdio.h>
        -:    3:
        -:    4:char date[16];
        -:    5:
        -:    6:// Returns next date;
function _Z8nextdateiii called 116 returned 100% blocks executed 88%
        -:    7:const char* nextdate(int month, int day, int year) {
      329:    8:  int month_out_range = (month < 1 || month > 12);
branch  0 taken 84%
branch  1 taken 16%
      332:    9:  int day_out_range = (day < 1 || day > 31);
branch  0 taken 86%
branch  1 taken 14%
      329:   10:  int year_out_range = (year < 1812 || year > 2012);
branch  0 taken 84%
branch  1 taken 16%
        -:   11:
      174:   12:  if (month_out_range && !day_out_range && !year_out_range)
branch  0 taken 27%
branch  1 taken 73%
branch  2 taken 87%
branch  3 taken 13%
branch  4 taken 89%
branch  5 taken 11%
       24:   13:    return "month not in range";
      198:   14:  else if (!month_out_range && day_out_range && !year_out_range)
branch  0 taken 92%
branch  1 taken 8%
branch  2 taken 25%
branch  3 taken 75%
branch  4 taken 86%
branch  5 taken 14%
       18:   15:    return "day not in range";
      205:   16:  else if (!month_out_range && !day_out_range && year_out_range)
branch  0 taken 91%
branch  1 taken 9%
branch  2 taken 96%
branch  3 taken 4%
branch  4 taken 38%
branch  5 taken 63%
       24:   17:    return "year not in range";
       61:   18:  else if (month_out_range && day_out_range && !year_out_range)
branch  0 taken 14%
branch  1 taken 86%
branch  2 taken 57%
branch  3 taken 43%
branch  4 taken 75%
branch  5 taken 25%
        3:   19:    return "month and day not in range";
       54:   20:  else if (month_out_range && !day_out_range && year_out_range)
branch  0 taken 9%
branch  1 taken 91%
branch  2 taken 75%
branch  3 taken 25%
branch  4 taken 100%
branch  5 taken 0%
        3:   21:    return "month and year not in range";
       90:   22:  else if (!month_out_range && day_out_range && year_out_range)
branch  0 taken 98%
branch  1 taken 2%
branch  2 taken 7%
branch  3 taken 93%
branch  4 taken 100%
branch  5 taken 0%
        3:   23:    return "day and year not in range";
       43:   24:  else if (month_out_range && day_out_range && year_out_range)
branch  0 taken 2%
branch  1 taken 98%
branch  2 taken 100%
branch  3 taken 0%
branch  4 taken 100%
branch  5 taken 0%
        1:   25:    return "month and day and year not in range";
        -:   26:
       40:   27:  int tomorrowMonth = month;
       40:   28:  int tomorrowDay = day;
       40:   29:  int tomorrowYear = year;
        -:   30:
      214:   31:  if (month == 1 || month == 3 || month == 5 || month == 7 || month == 8 || month == 10) {
branch  0 taken 100%
branch  1 taken 0%
branch  2 taken 100%
branch  3 taken 0%
branch  4 taken 100%
branch  5 taken 0%
branch  6 taken 68%
branch  7 taken 33%
branch  8 taken 100%
branch  9 taken 0%
branch 10 taken 0%
branch 11 taken 100%
       13:   32:    if (day < 31)
branch  0 taken 77%
branch  1 taken 23%
       10:   33:      tomorrowDay = day + 1;
        3:   34:    else if (day == 31) {
branch  0 taken 100%
branch  1 taken 0%
        3:   35:      tomorrowDay = 1;
        3:   36:      tomorrowMonth = month + 1;
        3:   37:    } else
    #####:   38:      return "Invalid input date";
       93:   39:  } else if (month == 4 || month == 6 || month == 9 || month == 11) {
branch  0 taken 100%
branch  1 taken 0%
branch  2 taken 48%
branch  3 taken 52%
branch  4 taken 100%
branch  5 taken 0%
branch  6 taken 0%
branch  7 taken 100%
       14:   40:    if (day < 30)
branch  0 taken 50%
branch  1 taken 50%
        7:   41:      tomorrowDay = day + 1;
        7:   42:    else if (day == 30) {
branch  0 taken 43%
branch  1 taken 57%
        3:   43:      tomorrowDay = 1;
        3:   44:      tomorrowMonth = month + 1;
        3:   45:    } else
        4:   46:      return "Invalid input date";
       23:   47:  } else if (month == 12) {
branch  0 taken 0%
branch  1 taken 100%
    #####:   48:    if (day < 31)
branch  0 never executed
branch  1 never executed
    #####:   49:      tomorrowDay = day + 1;
        -:   50:    else {
    #####:   51:      tomorrowDay = 1;
    #####:   52:      tomorrowMonth = 1;
    #####:   53:      tomorrowYear = year + 1;
        -:   54:    }
       13:   55:  } else if (month == 2) {
branch  0 taken 100%
branch  1 taken 0%
       13:   56:    if (day < 28)
branch  0 taken 23%
branch  1 taken 77%
        3:   57:      tomorrowDay = day + 1;
       10:   58:    else if (day == 28) {
branch  0 taken 0%
branch  1 taken 100%
    #####:   59:      if ((year % 4 == 0 && year % 100 != 0) || year % 400 == 0) // is leap year
branch  0 never executed
branch  1 never executed
branch  2 never executed
branch  3 never executed
branch  4 never executed
branch  5 never executed
    #####:   60:        tomorrowDay = 29;
        -:   61:      else {
    #####:   62:        tomorrowDay = 1;
    #####:   63:        tomorrowMonth = 3;
        -:   64:      }
       10:   65:    } else if (day == 29) {
branch  0 taken 30%
branch  1 taken 70%
        7:   66:      if ((year % 4 == 0 && year % 100 != 0) || year % 400 == 0) { // is leap year
branch  0 taken 67%
branch  1 taken 33%
branch  2 taken 50%
branch  3 taken 50%
branch  4 taken 50%
branch  5 taken 50%
        2:   67:        tomorrowDay = 1;
        2:   68:        tomorrowMonth = 3;
        2:   69:      } else
        1:   70:        return "Invalid input date";
        2:   71:    } else
        7:   72:      return "Invalid input date";
        5:   73:  }
        -:   74:
       28:   75:  sprintf(date, "%d/%d/%d", tomorrowMonth, tomorrowDay, tomorrowYear);
       28:   76:  return date;
      116:   77:}
