        -:    0:Source:../nextdate/nextdate.cc
        -:    0:Graph:nextdate.gcno
        -:    0:Data:nextdate.gcda
        -:    0:Runs:1
        -:    0:Programs:1
        -:    1:#include "nextdate.h"
        -:    2:#include <stdio.h>
        -:    3:
        -:    4:char date[16];
        -:    5:
        -:    6:// Returns next date;
function _Z8nextdateiii called 20 returned 100% blocks executed 98%
        -:    7:const char* nextdate(int month, int day, int year) {
       56:    8:  int month_out_range = (month < 1 || month > 12);
branch  0 taken 80%
branch  1 taken 20%
       56:    9:  int day_out_range = (day < 1 || day > 31);
branch  0 taken 80%
branch  1 taken 20%
       56:   10:  int year_out_range = (year < 1812 || year > 2012);
branch  0 taken 80%
branch  1 taken 20%
        -:   11:
       26:   12:  if (month_out_range && !day_out_range && !year_out_range)
branch  0 taken 20%
branch  1 taken 80%
branch  2 taken 50%
branch  3 taken 50%
branch  4 taken 50%
branch  5 taken 50%
        1:   13:    return "month not in range";
       37:   14:  else if (!month_out_range && day_out_range && !year_out_range)
branch  0 taken 84%
branch  1 taken 16%
branch  2 taken 13%
branch  3 taken 88%
branch  4 taken 50%
branch  5 taken 50%
        1:   15:    return "day not in range";
       47:   16:  else if (!month_out_range && !day_out_range && year_out_range)
branch  0 taken 83%
branch  1 taken 17%
branch  2 taken 93%
branch  3 taken 7%
branch  4 taken 7%
branch  5 taken 93%
        1:   17:    return "year not in range";
       22:   18:  else if (month_out_range && day_out_range && !year_out_range)
branch  0 taken 18%
branch  1 taken 82%
branch  2 taken 67%
branch  3 taken 33%
branch  4 taken 50%
branch  5 taken 50%
        1:   19:    return "month and day not in range";
       19:   20:  else if (month_out_range && !day_out_range && year_out_range)
branch  0 taken 13%
branch  1 taken 88%
branch  2 taken 50%
branch  3 taken 50%
branch  4 taken 100%
branch  5 taken 0%
        1:   21:    return "month and year not in range";
       30:   22:  else if (!month_out_range && day_out_range && year_out_range)
branch  0 taken 93%
branch  1 taken 7%
branch  2 taken 7%
branch  3 taken 93%
branch  4 taken 100%
branch  5 taken 0%
        1:   23:    return "day and year not in range";
       16:   24:  else if (month_out_range && day_out_range && year_out_range)
branch  0 taken 7%
branch  1 taken 93%
branch  2 taken 100%
branch  3 taken 0%
branch  4 taken 100%
branch  5 taken 0%
        1:   25:    return "month and day and year not in range";
        -:   26:
       13:   27:  int tomorrowMonth = month;
       13:   28:  int tomorrowDay = day;
       13:   29:  int tomorrowYear = year;
        -:   30:
       68:   31:  if (month == 1 || month == 3 || month == 5 || month == 7 || month == 8 || month == 10) {
branch  0 taken 85%
branch  1 taken 15%
branch  2 taken 100%
branch  3 taken 0%
branch  4 taken 100%
branch  5 taken 0%
branch  6 taken 100%
branch  7 taken 0%
branch  8 taken 100%
branch  9 taken 0%
branch 10 taken 0%
branch 11 taken 100%
        2:   32:    if (day < 31)
branch  0 taken 50%
branch  1 taken 50%
        1:   33:      tomorrowDay = day + 1;
        1:   34:    else if (day == 31) {
branch  0 taken 100%
branch  1 taken 0%
        1:   35:      tomorrowDay = 1;
        1:   36:      tomorrowMonth = month + 1;
        1:   37:    } else
    #####:   38:      return "Invalid input date";
       37:   39:  } else if (month == 4 || month == 6 || month == 9 || month == 11) {
branch  0 taken 73%
branch  1 taken 27%
branch  2 taken 100%
branch  3 taken 0%
branch  4 taken 100%
branch  5 taken 0%
branch  6 taken 0%
branch  7 taken 100%
        3:   40:    if (day < 30)
branch  0 taken 33%
branch  1 taken 67%
        1:   41:      tomorrowDay = day + 1;
        2:   42:    else if (day == 30) {
branch  0 taken 50%
branch  1 taken 50%
        1:   43:      tomorrowDay = 1;
        1:   44:      tomorrowMonth = month + 1;
        1:   45:    } else
        1:   46:      return "Invalid input date";
       10:   47:  } else if (month == 12) {
branch  0 taken 25%
branch  1 taken 75%
        2:   48:    if (day < 31)
branch  0 taken 50%
branch  1 taken 50%
        1:   49:      tomorrowDay = day + 1;
        -:   50:    else {
        1:   51:      tomorrowDay = 1;
        1:   52:      tomorrowMonth = 1;
        1:   53:      tomorrowYear = year + 1;
        -:   54:    }
        8:   55:  } else if (month == 2) {
branch  0 taken 100%
branch  1 taken 0%
        6:   56:    if (day < 28)
branch  0 taken 17%
branch  1 taken 83%
        1:   57:      tomorrowDay = day + 1;
        5:   58:    else if (day == 28) {
branch  0 taken 40%
branch  1 taken 60%
        4:   59:      if ((year % 4 == 0 && year % 100 != 0) || year % 400 == 0) // is leap year
branch  0 taken 50%
branch  1 taken 50%
branch  2 taken 0%
branch  3 taken 100%
branch  4 taken 0%
branch  5 taken 100%
        1:   60:        tomorrowDay = 29;
        -:   61:      else {
        1:   62:        tomorrowDay = 1;
        1:   63:        tomorrowMonth = 3;
        -:   64:      }
        5:   65:    } else if (day == 29) {
branch  0 taken 67%
branch  1 taken 33%
        4:   66:      if ((year % 4 == 0 && year % 100 != 0) || year % 400 == 0) { // is leap year
branch  0 taken 50%
branch  1 taken 50%
branch  2 taken 0%
branch  3 taken 100%
branch  4 taken 0%
branch  5 taken 100%
        1:   67:        tomorrowDay = 1;
        1:   68:        tomorrowMonth = 3;
        1:   69:      } else
        1:   70:        return "Invalid input date";
        1:   71:    } else
        1:   72:      return "Invalid input date";
        4:   73:  }
        -:   74:
       10:   75:  sprintf(date, "%d/%d/%d", tomorrowMonth, tomorrowDay, tomorrowYear);
       10:   76:  return date;
       20:   77:}
